<?xml version="1.0" encoding="UTF-8"?>
<testng-results ignored="0" total="1" passed="1" failed="0" skipped="0">
  <reporter-output>
  </reporter-output>
  <suite started-at="2022-05-22T11:29:33 IST" name="Default suite" finished-at="2022-05-22T11:29:40 IST" duration-ms="7558">
    <groups>
    </groups>
    <test started-at="2022-05-22T11:29:33 IST" name="Default test" finished-at="2022-05-22T11:29:40 IST" duration-ms="7558">
      <class name="org.base.Facebook">
        <test-method signature="homePage()[pri:0, instance:org.base.Facebook@d29f28]" started-at="2022-05-22T11:29:33 IST" name="homePage" finished-at="2022-05-22T11:29:40 IST" duration-ms="7509" status="PASS">
          <reporter-output>
          </reporter-output>
        </test-method> <!-- homePage -->
      </class> <!-- org.base.Facebook -->
    </test> <!-- Default test -->
  </suite> <!-- Default suite -->
</testng-results>
